{"uid":"f53e5b7bc2f0794d","name":"validate the Sorting works 3","fullName":"com.tests.ValidationEpic1.searchProduct_3rd","historyId":"8272b802c42e827bbc0163b6e784af19","time":{"start":1705335467321,"stop":1705335497568,"duration":30247},"description":"Search Product in Amazon3","descriptionHtml":"<p>Search Product in Amazon3</p>\n","status":"broken","statusMessage":"Expected condition failed: waiting for presence of element located by: By.xpath: //div/input[@type='text' and @id='twotabsearchtextbox'] (tried for 30 second(s) with 500 milliseconds interval)","statusTrace":"org.openqa.selenium.TimeoutException: Expected condition failed: waiting for presence of element located by: By.xpath: //div/input[@type='text' and @id='twotabsearchtextbox'] (tried for 30 second(s) with 500 milliseconds interval)\n\tat org.openqa.selenium.support.ui.WebDriverWait.timeoutException(WebDriverWait.java:84)\n\tat org.openqa.selenium.support.ui.FluentWait.until(FluentWait.java:230)\n\tat com.pages.BasePage.explicitWait(BasePage.java:102)\n\tat com.pages.BasePage.writeText(BasePage.java:50)\n\tat com.pages.AmazonHomePage.searchProduct(AmazonHomePage.java:31)\n\tat com.tests.ValidationEpic1.searchProduct_3rd(ValidationEpic1.java:165)\n\tat java.base/jdk.internal.reflect.NativeMethodAccessorImpl.invoke0(Native Method)\n\tat java.base/jdk.internal.reflect.NativeMethodAccessorImpl.invoke(NativeMethodAccessorImpl.java:62)\n\tat java.base/jdk.internal.reflect.DelegatingMethodAccessorImpl.invoke(DelegatingMethodAccessorImpl.java:43)\n\tat java.base/java.lang.reflect.Method.invoke(Method.java:566)\n\tat org.testng.internal.MethodInvocationHelper.invokeMethod(MethodInvocationHelper.java:133)\n\tat org.testng.internal.TestInvoker.invokeMethod(TestInvoker.java:598)\n\tat org.testng.internal.TestInvoker.invokeTestMethod(TestInvoker.java:173)\n\tat org.testng.internal.MethodRunner.runInSequence(MethodRunner.java:46)\n\tat org.testng.internal.TestInvoker$MethodInvocationAgent.invoke(TestInvoker.java:824)\n\tat org.testng.internal.TestInvoker.invokeTestMethods(TestInvoker.java:146)\n\tat org.testng.internal.TestMethodWorker.invokeTestMethods(TestMethodWorker.java:146)\n\tat org.testng.internal.TestMethodWorker.run(TestMethodWorker.java:128)\n\tat java.base/java.util.concurrent.ThreadPoolExecutor.runWorker(ThreadPoolExecutor.java:1128)\n\tat java.base/java.util.concurrent.ThreadPoolExecutor$Worker.run(ThreadPoolExecutor.java:628)\n\tat java.base/java.lang.Thread.run(Thread.java:829)\nCaused by: org.openqa.selenium.NoSuchElementException: no such element: Unable to locate element: {\"method\":\"xpath\",\"selector\":\"//div/input[@type='text' and @id='twotabsearchtextbox']\"}\n  (Session info: chrome-headless-shell=120.0.6099.199)\nFor documentation on this error, please visit: https://www.selenium.dev/documentation/webdriver/troubleshooting/errors#no-such-element-exception\nBuild info: version: '4.12.1', revision: '8e34639b11'\nSystem info: os.name: 'Linux', os.arch: 'amd64', os.version: '6.2.0-1018-azure', java.version: '11.0.21'\nDriver info: org.openqa.selenium.chrome.ChromeDriver\nCommand: [63fe66e22ea8203dd11bb183c37d07cd, findElement {using=xpath, value=//div/input[@type='text' and @id='twotabsearchtextbox']}]\nCapabilities {acceptInsecureCerts: false, browserName: chrome-headless-shell, browserVersion: 120.0.6099.199, chrome: {chromedriverVersion: 120.0.6099.109 (3419140ab66..., userDataDir: /tmp/.org.chromium.Chromium...}, fedcm:accounts: true, goog:chromeOptions: {debuggerAddress: localhost:38959}, networkConnectionEnabled: false, pageLoadStrategy: normal, platformName: linux, proxy: Proxy(), se:cdp: ws://localhost:38959/devtoo..., se:cdpVersion: 120.0.6099.199, setWindowRect: true, strictFileInteractability: false, timeouts: {implicit: 0, pageLoad: 300000, script: 30000}, unhandledPromptBehavior: dismiss and notify, webauthn:extension:credBlob: true, webauthn:extension:largeBlob: true, webauthn:extension:minPinLength: true, webauthn:extension:prf: true, webauthn:virtualAuthenticators: true}\nSession ID: 63fe66e22ea8203dd11bb183c37d07cd\n\tat jdk.internal.reflect.GeneratedConstructorAccessor60.newInstance(Unknown Source)\n\tat java.base/jdk.internal.reflect.DelegatingConstructorAccessorImpl.newInstance(DelegatingConstructorAccessorImpl.java:45)\n\tat java.base/java.lang.reflect.Constructor.newInstance(Constructor.java:490)\n\tat org.openqa.selenium.remote.codec.w3c.W3CHttpResponseCodec.createException(W3CHttpResponseCodec.java:200)\n\tat org.openqa.selenium.remote.codec.w3c.W3CHttpResponseCodec.decode(W3CHttpResponseCodec.java:133)\n\tat org.openqa.selenium.remote.codec.w3c.W3CHttpResponseCodec.decode(W3CHttpResponseCodec.java:52)\n\tat org.openqa.selenium.remote.HttpCommandExecutor.execute(HttpCommandExecutor.java:191)\n\tat org.openqa.selenium.remote.service.DriverCommandExecutor.invokeExecute(DriverCommandExecutor.java:196)\n\tat org.openqa.selenium.remote.service.DriverCommandExecutor.execute(DriverCommandExecutor.java:171)\n\tat org.openqa.selenium.remote.RemoteWebDriver.execute(RemoteWebDriver.java:602)\n\tat org.openqa.selenium.remote.ElementLocation$ElementFinder$2.findElement(ElementLocation.java:165)\n\tat org.openqa.selenium.remote.ElementLocation.findElement(ElementLocation.java:59)\n\tat org.openqa.selenium.remote.RemoteWebDriver.findElement(RemoteWebDriver.java:359)\n\tat org.openqa.selenium.remote.RemoteWebDriver.findElement(RemoteWebDriver.java:353)\n\tat org.openqa.selenium.support.ui.ExpectedConditions$6.apply(ExpectedConditions.java:171)\n\tat org.openqa.selenium.support.ui.ExpectedConditions$6.apply(ExpectedConditions.java:168)\n\tat org.openqa.selenium.support.ui.FluentWait.until(FluentWait.java:205)\n\t... 19 more\n","flaky":false,"newFailed":false,"newBroken":false,"newPassed":false,"retriesCount":2,"retriesStatusChange":true,"beforeStages":[{"name":"setUp","time":{"start":1705335464578,"stop":1705335467308,"duration":2730},"description":"","status":"passed","steps":[],"attachments":[],"parameters":[],"shouldDisplayMessage":false,"stepsCount":0,"attachmentsCount":0,"hasContent":false,"attachmentStep":false}],"testStage":{"description":"Search Product in Amazon3","status":"broken","statusMessage":"Expected condition failed: waiting for presence of element located by: By.xpath: //div/input[@type='text' and @id='twotabsearchtextbox'] (tried for 30 second(s) with 500 milliseconds interval)","statusTrace":"org.openqa.selenium.TimeoutException: Expected condition failed: waiting for presence of element located by: By.xpath: //div/input[@type='text' and @id='twotabsearchtextbox'] (tried for 30 second(s) with 500 milliseconds interval)\n\tat org.openqa.selenium.support.ui.WebDriverWait.timeoutException(WebDriverWait.java:84)\n\tat org.openqa.selenium.support.ui.FluentWait.until(FluentWait.java:230)\n\tat com.pages.BasePage.explicitWait(BasePage.java:102)\n\tat com.pages.BasePage.writeText(BasePage.java:50)\n\tat com.pages.AmazonHomePage.searchProduct(AmazonHomePage.java:31)\n\tat com.tests.ValidationEpic1.searchProduct_3rd(ValidationEpic1.java:165)\n\tat java.base/jdk.internal.reflect.NativeMethodAccessorImpl.invoke0(Native Method)\n\tat java.base/jdk.internal.reflect.NativeMethodAccessorImpl.invoke(NativeMethodAccessorImpl.java:62)\n\tat java.base/jdk.internal.reflect.DelegatingMethodAccessorImpl.invoke(DelegatingMethodAccessorImpl.java:43)\n\tat java.base/java.lang.reflect.Method.invoke(Method.java:566)\n\tat org.testng.internal.MethodInvocationHelper.invokeMethod(MethodInvocationHelper.java:133)\n\tat org.testng.internal.TestInvoker.invokeMethod(TestInvoker.java:598)\n\tat org.testng.internal.TestInvoker.invokeTestMethod(TestInvoker.java:173)\n\tat org.testng.internal.MethodRunner.runInSequence(MethodRunner.java:46)\n\tat org.testng.internal.TestInvoker$MethodInvocationAgent.invoke(TestInvoker.java:824)\n\tat org.testng.internal.TestInvoker.invokeTestMethods(TestInvoker.java:146)\n\tat org.testng.internal.TestMethodWorker.invokeTestMethods(TestMethodWorker.java:146)\n\tat org.testng.internal.TestMethodWorker.run(TestMethodWorker.java:128)\n\tat java.base/java.util.concurrent.ThreadPoolExecutor.runWorker(ThreadPoolExecutor.java:1128)\n\tat java.base/java.util.concurrent.ThreadPoolExecutor$Worker.run(ThreadPoolExecutor.java:628)\n\tat java.base/java.lang.Thread.run(Thread.java:829)\nCaused by: org.openqa.selenium.NoSuchElementException: no such element: Unable to locate element: {\"method\":\"xpath\",\"selector\":\"//div/input[@type='text' and @id='twotabsearchtextbox']\"}\n  (Session info: chrome-headless-shell=120.0.6099.199)\nFor documentation on this error, please visit: https://www.selenium.dev/documentation/webdriver/troubleshooting/errors#no-such-element-exception\nBuild info: version: '4.12.1', revision: '8e34639b11'\nSystem info: os.name: 'Linux', os.arch: 'amd64', os.version: '6.2.0-1018-azure', java.version: '11.0.21'\nDriver info: org.openqa.selenium.chrome.ChromeDriver\nCommand: [63fe66e22ea8203dd11bb183c37d07cd, findElement {using=xpath, value=//div/input[@type='text' and @id='twotabsearchtextbox']}]\nCapabilities {acceptInsecureCerts: false, browserName: chrome-headless-shell, browserVersion: 120.0.6099.199, chrome: {chromedriverVersion: 120.0.6099.109 (3419140ab66..., userDataDir: /tmp/.org.chromium.Chromium...}, fedcm:accounts: true, goog:chromeOptions: {debuggerAddress: localhost:38959}, networkConnectionEnabled: false, pageLoadStrategy: normal, platformName: linux, proxy: Proxy(), se:cdp: ws://localhost:38959/devtoo..., se:cdpVersion: 120.0.6099.199, setWindowRect: true, strictFileInteractability: false, timeouts: {implicit: 0, pageLoad: 300000, script: 30000}, unhandledPromptBehavior: dismiss and notify, webauthn:extension:credBlob: true, webauthn:extension:largeBlob: true, webauthn:extension:minPinLength: true, webauthn:extension:prf: true, webauthn:virtualAuthenticators: true}\nSession ID: 63fe66e22ea8203dd11bb183c37d07cd\n\tat jdk.internal.reflect.GeneratedConstructorAccessor60.newInstance(Unknown Source)\n\tat java.base/jdk.internal.reflect.DelegatingConstructorAccessorImpl.newInstance(DelegatingConstructorAccessorImpl.java:45)\n\tat java.base/java.lang.reflect.Constructor.newInstance(Constructor.java:490)\n\tat org.openqa.selenium.remote.codec.w3c.W3CHttpResponseCodec.createException(W3CHttpResponseCodec.java:200)\n\tat org.openqa.selenium.remote.codec.w3c.W3CHttpResponseCodec.decode(W3CHttpResponseCodec.java:133)\n\tat org.openqa.selenium.remote.codec.w3c.W3CHttpResponseCodec.decode(W3CHttpResponseCodec.java:52)\n\tat org.openqa.selenium.remote.HttpCommandExecutor.execute(HttpCommandExecutor.java:191)\n\tat org.openqa.selenium.remote.service.DriverCommandExecutor.invokeExecute(DriverCommandExecutor.java:196)\n\tat org.openqa.selenium.remote.service.DriverCommandExecutor.execute(DriverCommandExecutor.java:171)\n\tat org.openqa.selenium.remote.RemoteWebDriver.execute(RemoteWebDriver.java:602)\n\tat org.openqa.selenium.remote.ElementLocation$ElementFinder$2.findElement(ElementLocation.java:165)\n\tat org.openqa.selenium.remote.ElementLocation.findElement(ElementLocation.java:59)\n\tat org.openqa.selenium.remote.RemoteWebDriver.findElement(RemoteWebDriver.java:359)\n\tat org.openqa.selenium.remote.RemoteWebDriver.findElement(RemoteWebDriver.java:353)\n\tat org.openqa.selenium.support.ui.ExpectedConditions$6.apply(ExpectedConditions.java:171)\n\tat org.openqa.selenium.support.ui.ExpectedConditions$6.apply(ExpectedConditions.java:168)\n\tat org.openqa.selenium.support.ui.FluentWait.until(FluentWait.java:205)\n\t... 19 more\n","steps":[{"name":"getText","time":{"start":1705335467350,"stop":1705335497509,"duration":30159},"status":"broken","statusMessage":"Expected condition failed: waiting for presence of element located by: By.xpath: //div/input[@type='text' and @id='twotabsearchtextbox'] (tried for 30 second(s) with 500 milliseconds interval)","statusTrace":"org.openqa.selenium.TimeoutException: Expected condition failed: waiting for presence of element located by: By.xpath: //div/input[@type='text' and @id='twotabsearchtextbox'] (tried for 30 second(s) with 500 milliseconds interval)\n\tat org.openqa.selenium.support.ui.WebDriverWait.timeoutException(WebDriverWait.java:84)\n\tat org.openqa.selenium.support.ui.FluentWait.until(FluentWait.java:230)\n\tat com.pages.BasePage.explicitWait(BasePage.java:102)\n\tat com.pages.BasePage.writeText(BasePage.java:50)\n\tat com.pages.AmazonHomePage.searchProduct(AmazonHomePage.java:31)\n\tat com.tests.ValidationEpic1.searchProduct_3rd(ValidationEpic1.java:165)\n\tat java.base/jdk.internal.reflect.NativeMethodAccessorImpl.invoke0(Native Method)\n\tat java.base/jdk.internal.reflect.NativeMethodAccessorImpl.invoke(NativeMethodAccessorImpl.java:62)\n\tat java.base/jdk.internal.reflect.DelegatingMethodAccessorImpl.invoke(DelegatingMethodAccessorImpl.java:43)\n\tat java.base/java.lang.reflect.Method.invoke(Method.java:566)\n\tat org.testng.internal.MethodInvocationHelper.invokeMethod(MethodInvocationHelper.java:133)\n\tat org.testng.internal.TestInvoker.invokeMethod(TestInvoker.java:598)\n\tat org.testng.internal.TestInvoker.invokeTestMethod(TestInvoker.java:173)\n\tat org.testng.internal.MethodRunner.runInSequence(MethodRunner.java:46)\n\tat org.testng.internal.TestInvoker$MethodInvocationAgent.invoke(TestInvoker.java:824)\n\tat org.testng.internal.TestInvoker.invokeTestMethods(TestInvoker.java:146)\n\tat org.testng.internal.TestMethodWorker.invokeTestMethods(TestMethodWorker.java:146)\n\tat org.testng.internal.TestMethodWorker.run(TestMethodWorker.java:128)\n\tat java.base/java.util.concurrent.ThreadPoolExecutor.runWorker(ThreadPoolExecutor.java:1128)\n\tat java.base/java.util.concurrent.ThreadPoolExecutor$Worker.run(ThreadPoolExecutor.java:628)\n\tat java.base/java.lang.Thread.run(Thread.java:829)\nCaused by: org.openqa.selenium.NoSuchElementException: no such element: Unable to locate element: {\"method\":\"xpath\",\"selector\":\"//div/input[@type='text' and @id='twotabsearchtextbox']\"}\n  (Session info: chrome-headless-shell=120.0.6099.199)\nFor documentation on this error, please visit: https://www.selenium.dev/documentation/webdriver/troubleshooting/errors#no-such-element-exception\nBuild info: version: '4.12.1', revision: '8e34639b11'\nSystem info: os.name: 'Linux', os.arch: 'amd64', os.version: '6.2.0-1018-azure', java.version: '11.0.21'\nDriver info: org.openqa.selenium.chrome.ChromeDriver\nCommand: [63fe66e22ea8203dd11bb183c37d07cd, findElement {using=xpath, value=//div/input[@type='text' and @id='twotabsearchtextbox']}]\nCapabilities {acceptInsecureCerts: false, browserName: chrome-headless-shell, browserVersion: 120.0.6099.199, chrome: {chromedriverVersion: 120.0.6099.109 (3419140ab66..., userDataDir: /tmp/.org.chromium.Chromium...}, fedcm:accounts: true, goog:chromeOptions: {debuggerAddress: localhost:38959}, networkConnectionEnabled: false, pageLoadStrategy: normal, platformName: linux, proxy: Proxy(), se:cdp: ws://localhost:38959/devtoo..., se:cdpVersion: 120.0.6099.199, setWindowRect: true, strictFileInteractability: false, timeouts: {implicit: 0, pageLoad: 300000, script: 30000}, unhandledPromptBehavior: dismiss and notify, webauthn:extension:credBlob: true, webauthn:extension:largeBlob: true, webauthn:extension:minPinLength: true, webauthn:extension:prf: true, webauthn:virtualAuthenticators: true}\nSession ID: 63fe66e22ea8203dd11bb183c37d07cd\n\tat jdk.internal.reflect.GeneratedConstructorAccessor60.newInstance(Unknown Source)\n\tat java.base/jdk.internal.reflect.DelegatingConstructorAccessorImpl.newInstance(DelegatingConstructorAccessorImpl.java:45)\n\tat java.base/java.lang.reflect.Constructor.newInstance(Constructor.java:490)\n\tat org.openqa.selenium.remote.codec.w3c.W3CHttpResponseCodec.createException(W3CHttpResponseCodec.java:200)\n\tat org.openqa.selenium.remote.codec.w3c.W3CHttpResponseCodec.decode(W3CHttpResponseCodec.java:133)\n\tat org.openqa.selenium.remote.codec.w3c.W3CHttpResponseCodec.decode(W3CHttpResponseCodec.java:52)\n\tat org.openqa.selenium.remote.HttpCommandExecutor.execute(HttpCommandExecutor.java:191)\n\tat org.openqa.selenium.remote.service.DriverCommandExecutor.invokeExecute(DriverCommandExecutor.java:196)\n\tat org.openqa.selenium.remote.service.DriverCommandExecutor.execute(DriverCommandExecutor.java:171)\n\tat org.openqa.selenium.remote.RemoteWebDriver.execute(RemoteWebDriver.java:602)\n\tat org.openqa.selenium.remote.ElementLocation$ElementFinder$2.findElement(ElementLocation.java:165)\n\tat org.openqa.selenium.remote.ElementLocation.findElement(ElementLocation.java:59)\n\tat org.openqa.selenium.remote.RemoteWebDriver.findElement(RemoteWebDriver.java:359)\n\tat org.openqa.selenium.remote.RemoteWebDriver.findElement(RemoteWebDriver.java:353)\n\tat org.openqa.selenium.support.ui.ExpectedConditions$6.apply(ExpectedConditions.java:171)\n\tat org.openqa.selenium.support.ui.ExpectedConditions$6.apply(ExpectedConditions.java:168)\n\tat org.openqa.selenium.support.ui.FluentWait.until(FluentWait.java:205)\n\t... 19 more\n","steps":[],"attachments":[],"parameters":[{"name":"wait","value":"PRESENCE"},{"name":"product","value":"iPhone 14"},{"name":"message","value":"Search Iphone 14"}],"shouldDisplayMessage":true,"stepsCount":0,"attachmentsCount":0,"hasContent":true,"attachmentStep":false}],"attachments":[{"uid":"caaec3a43ba9ab3c","name":"Screenshot","source":"caaec3a43ba9ab3c.png","type":"image/png","size":43507},{"uid":"7f503544d49669b8","name":"searchProduct_3rd failed and screenshot taken!","source":"7f503544d49669b8.txt","type":"text/plain","size":46}],"parameters":[],"shouldDisplayMessage":false,"stepsCount":1,"attachmentsCount":2,"hasContent":true,"attachmentStep":false},"afterStages":[{"name":"tearDown","time":{"start":1705335497583,"stop":1705335497691,"duration":108},"description":"","status":"passed","steps":[],"attachments":[],"parameters":[],"shouldDisplayMessage":false,"stepsCount":0,"attachmentsCount":0,"hasContent":false,"attachmentStep":false}],"labels":[{"name":"package","value":"com.tests.ValidationEpic1"},{"name":"testClass","value":"com.tests.ValidationEpic1"},{"name":"testMethod","value":"searchProduct_3rd"},{"name":"parentSuite","value":"Suite"},{"name":"suite","value":"chrome"},{"name":"subSuite","value":"com.tests.ValidationEpic1"},{"name":"host","value":"fv-az651-417"},{"name":"thread","value":"3371@fv-az651-417.TestNG-test=chrome-1(14)"},{"name":"framework","value":"testng"},{"name":"language","value":"java"},{"name":"epic","value":"AZ003"},{"name":"feature","value":"Broken"},{"name":"story","value":"Search product"},{"name":"severity","value":"critical"},{"name":"resultFormat","value":"allure2"}],"parameters":[{"name":"BROWSER","value":"chrome"},{"name":"BROWSERVERSION","value":"116"}],"links":[],"hidden":false,"retry":false,"extra":{"severity":"critical","retries":[{"uid":"d22f38aa0c8812dd","status":"passed","time":{"start":1705335450917,"stop":1705335452429,"duration":1512}},{"uid":"8f32deb73fad5284","status":"passed","time":{"start":1704647583868,"stop":1704647595116,"duration":11248}}],"categories":[{"name":"Test defects","matchedStatuses":[],"flaky":false}],"history":{"statistic":{"failed":0,"broken":3,"skipped":0,"passed":8,"unknown":0,"total":11},"items":[{"uid":"d8bd4757e46b9420","reportUrl":"https://flux-mitter.github.io/testNgWithDocker/12//#testresult/d8bd4757e46b9420","status":"broken","statusDetails":"no such element: Unable to locate element: {\"method\":\"xpath\",\"selector\":\"//h2/a/span[contains(text(),'iPhone 14')]/../../../following-sibling::div//span[@class='a-price']/span[contains(text(),'₹')]\"}\n  (Session info: chrome-headless-shell=120.0.6099.199)\nFor documentation on this error, please visit: https://www.selenium.dev/documentation/webdriver/troubleshooting/errors#no-such-element-exception\nBuild info: version: '4.12.1', revision: '8e34639b11'\nSystem info: os.name: 'Linux', os.arch: 'amd64', os.version: '6.2.0-1018-azure', java.version: '11.0.21'\nDriver info: org.openqa.selenium.chrome.ChromeDriver\nCommand: [b81d29ac53c6161d1cbb984686e7cfe8, findElement {using=xpath, value=//h2/a/span[contains(text(),'iPhone 14')]/../../../following-sibling::div//span[@class='a-price']/span[contains(text(),'₹')]}]\nCapabilities {acceptInsecureCerts: false, browserName: chrome-headless-shell, browserVersion: 120.0.6099.199, chrome: {chromedriverVersion: 120.0.6099.109 (3419140ab66..., userDataDir: /tmp/.org.chromium.Chromium...}, fedcm:accounts: true, goog:chromeOptions: {debuggerAddress: localhost:38491}, networkConnectionEnabled: false, pageLoadStrategy: normal, platformName: linux, proxy: Proxy(), se:cdp: ws://localhost:38491/devtoo..., se:cdpVersion: 120.0.6099.199, setWindowRect: true, strictFileInteractability: false, timeouts: {implicit: 0, pageLoad: 300000, script: 30000}, unhandledPromptBehavior: dismiss and notify, webauthn:extension:credBlob: true, webauthn:extension:largeBlob: true, webauthn:extension:minPinLength: true, webauthn:extension:prf: true, webauthn:virtualAuthenticators: true}\nSession ID: b81d29ac53c6161d1cbb984686e7cfe8","time":{"start":1705331811078,"stop":1705331821420,"duration":10342}},{"uid":"f8832d0a77320cbf","reportUrl":"https://flux-mitter.github.io/testNgWithDocker/11//#testresult/f8832d0a77320cbf","status":"passed","time":{"start":1704647583868,"stop":1704647595116,"duration":11248}},{"uid":"409f5e71f439cf45","reportUrl":"https://flux-mitter.github.io/testNgWithDocker/10//#testresult/409f5e71f439cf45","status":"passed","time":{"start":1704647583868,"stop":1704647595116,"duration":11248}},{"uid":"a3ff8b5fcb5fbbc0","reportUrl":"https://flux-mitter.github.io/testNgWithDocker/9//#testresult/a3ff8b5fcb5fbbc0","status":"broken","statusDetails":"Expected condition failed: waiting for presence of element located by: By.xpath: //div/input[@type='text' and @id='twotabsearchtextbox'] (tried for 30 second(s) with 500 milliseconds interval)","time":{"start":1704983719007,"stop":1704983749279,"duration":30272}},{"uid":"72ed288d025df695","reportUrl":"https://flux-mitter.github.io/testNgWithDocker/8//#testresult/72ed288d025df695","status":"passed","time":{"start":1704647583868,"stop":1704647595116,"duration":11248}},{"uid":"b67b023e590a2e0","reportUrl":"https://flux-mitter.github.io/testNgWithDocker/7//#testresult/b67b023e590a2e0","status":"passed","time":{"start":1704647583868,"stop":1704647595116,"duration":11248}},{"uid":"e3daab4589d08fe2","reportUrl":"https://flux-mitter.github.io/testNgWithDocker/6//#testresult/e3daab4589d08fe2","status":"passed","time":{"start":1704647583868,"stop":1704647595116,"duration":11248}},{"uid":"14a74e50806a7fa2","reportUrl":"https://flux-mitter.github.io/testNgWithDocker/5//#testresult/14a74e50806a7fa2","status":"passed","time":{"start":1704647583868,"stop":1704647595116,"duration":11248}},{"uid":"a526e1e190f93ca1","reportUrl":"https://flux-mitter.github.io/testNgWithDocker/4//#testresult/a526e1e190f93ca1","status":"passed","time":{"start":1704981890938,"stop":1704981901070,"duration":10132}},{"uid":"5ee35215ce434bd9","reportUrl":"https://flux-mitter.github.io/testNgWithDocker/3//#testresult/5ee35215ce434bd9","status":"passed","time":{"start":1704980388234,"stop":1704980398872,"duration":10638}}]},"tags":[]},"source":"f53e5b7bc2f0794d.json","parameterValues":["chrome","116"]}