<?xml version="1.0" encoding="UTF-8"?>
<!-- Generated by org.testng.reporters.JUnitXMLReporter -->
<testsuite ignored="7" hostname="Preetams-MacBook-Air.local" failures="0" tests="1" name="Chrome" time="60.119" errors="0" timestamp="2023-08-27T12:32:53 IST">
  <testcase classname="com.tests.BaseTest" name="@BeforeMethod setUp" time="59.579">
    <failure type="org.openqa.selenium.SessionNotCreatedException" message="Could not start a new session. Response code 500. Message: session not created: This version of ChromeDriver only supports Chrome version 114
Current browser version is 116.0.5845.110 with binary path /Applications/Google Chrome.app/Contents/MacOS/Google Chrome 
Host info: host: &amp;apos;Preetams-MacBook-Air.local&amp;apos;, ip: &amp;apos;fe80:0:0:0:e9:6cc6:2c23:4d5a%en0&amp;apos;
Build info: version: &amp;apos;4.10.0&amp;apos;, revision: &amp;apos;c14d967899&amp;apos;
System info: os.name: &amp;apos;Mac OS X&amp;apos;, os.arch: &amp;apos;x86_64&amp;apos;, os.version: &amp;apos;10.16&amp;apos;, java.version: &amp;apos;15.0.2&amp;apos;
Driver info: org.openqa.selenium.chrome.ChromeDriver
Command: [null, newSession {capabilities=[Capabilities {browserName: chrome, goog:chromeOptions: {args: [--remote-allow-origins=*], excludeSwitches: [enable-automation], extensions: []}}]}]">
      <![CDATA[org.openqa.selenium.SessionNotCreatedException: Could not start a new session. Response code 500. Message: session not created: This version of ChromeDriver only supports Chrome version 114
Current browser version is 116.0.5845.110 with binary path /Applications/Google Chrome.app/Contents/MacOS/Google Chrome 
Host info: host: 'Preetams-MacBook-Air.local', ip: 'fe80:0:0:0:e9:6cc6:2c23:4d5a%en0'
Build info: version: '4.10.0', revision: 'c14d967899'
System info: os.name: 'Mac OS X', os.arch: 'x86_64', os.version: '10.16', java.version: '15.0.2'
Driver info: org.openqa.selenium.chrome.ChromeDriver
Command: [null, newSession {capabilities=[Capabilities {browserName: chrome, goog:chromeOptions: {args: [--remote-allow-origins=*], excludeSwitches: [enable-automation], extensions: []}}]}]
at org.openqa.selenium.remote.ProtocolHandshake.createSession(ProtocolHandshake.java:140)
at org.openqa.selenium.remote.ProtocolHandshake.createSession(ProtocolHandshake.java:96)
at org.openqa.selenium.remote.ProtocolHandshake.createSession(ProtocolHandshake.java:68)
at org.openqa.selenium.remote.HttpCommandExecutor.execute(HttpCommandExecutor.java:163)
at org.openqa.selenium.remote.service.DriverCommandExecutor.invokeExecute(DriverCommandExecutor.java:196)
at org.openqa.selenium.remote.service.DriverCommandExecutor.execute(DriverCommandExecutor.java:171)
at org.openqa.selenium.remote.RemoteWebDriver.execute(RemoteWebDriver.java:531)
at org.openqa.selenium.remote.RemoteWebDriver.startSession(RemoteWebDriver.java:227)
at org.openqa.selenium.remote.RemoteWebDriver.<init>(RemoteWebDriver.java:154)
at org.openqa.selenium.chromium.ChromiumDriver.<init>(ChromiumDriver.java:107)
at org.openqa.selenium.chrome.ChromeDriver.<init>(ChromeDriver.java:87)
at org.openqa.selenium.chrome.ChromeDriver.<init>(ChromeDriver.java:82)
at org.openqa.selenium.chrome.ChromeDriver.<init>(ChromeDriver.java:71)
at com.setup.Driver.createDriver(Driver.java:80)
at com.setup.Driver.getDriver(Driver.java:35)
at com.setup.DriverManager.setDriver(DriverManager.java:24)
at com.tests.BaseTest.setUp(BaseTest.java:34)
at java.base/java.util.concurrent.ThreadPoolExecutor.runWorker(ThreadPoolExecutor.java:1130)
at java.base/java.util.concurrent.ThreadPoolExecutor$Worker.run(ThreadPoolExecutor.java:630)
at java.base/java.lang.Thread.run(Thread.java:832)
... Removed 16 stack frames]]>
    </failure>
  </testcase> <!-- @BeforeMethod setUp -->
  <testcase classname="com.tests.BaseTest" name="@AfterMethod tearDown" time="-1.693119773224E9">
    <skipped/>
  </testcase> <!-- @AfterMethod tearDown -->
  <testcase classname="com.tests.ValidationEpic1" name="searchFlights" time="0.0">
    <skipped/>
  </testcase> <!-- searchFlights -->
  <testcase classname="com.tests.ValidationEpic1" name="searchFlights4" time="0.0">
    <ignored/>
  </testcase> <!-- searchFlights4 -->
  <testcase classname="com.tests.ValidationEpic1" name="searchFlights2" time="0.0">
    <ignored/>
  </testcase> <!-- searchFlights2 -->
  <testcase classname="com.tests.ValidationEpic1" name="validateOfferesIsSelectedNegative" time="0.0">
    <ignored/>
  </testcase> <!-- validateOfferesIsSelectedNegative -->
  <testcase classname="com.tests.ValidationEpic1" name="validateBrokenIsSelected" time="0.0">
    <ignored/>
  </testcase> <!-- validateBrokenIsSelected -->
  <testcase classname="com.tests.ValidationEpic1" name="validateHotelIsSelected2" time="0.0">
    <ignored/>
  </testcase> <!-- validateHotelIsSelected2 -->
  <testcase classname="com.tests.ValidationEpic1" name="validateOfferesIsSelected" time="0.0">
    <ignored/>
  </testcase> <!-- validateOfferesIsSelected -->
  <testcase classname="com.tests.ValidationEpic1" name="searchFlights3" time="0.0">
    <ignored/>
  </testcase> <!-- searchFlights3 -->
</testsuite> <!-- Chrome -->
