<?xml version="1.0" encoding="UTF-8"?>
<!-- Generated by org.testng.reporters.JUnitXMLReporter -->
<testsuite ignored="7" hostname="Preetams-MacBook-Air.local" failures="1" tests="1" name="firefox" time="122.038" errors="0" timestamp="2023-08-29T10:48:40 IST">
  <testcase classname="com.tests.ValidationEpic1" name="searchFlights" time="30.216">
    <failure type="org.openqa.selenium.TimeoutException" message="Expected condition failed: waiting for presence of element located by: By.xpath: //a/div[contains(text(),&amp;apos;Flights&amp;apos;)] (tried for 30 second(s) with 500 milliseconds interval)">
      <![CDATA[org.openqa.selenium.TimeoutException: Expected condition failed: waiting for presence of element located by: By.xpath: //a/div[contains(text(),'Flights')] (tried for 30 second(s) with 500 milliseconds interval)
at org.openqa.selenium.support.ui.WebDriverWait.timeoutException(WebDriverWait.java:84)
at org.openqa.selenium.support.ui.FluentWait.until(FluentWait.java:230)
at com.pages.BasePage.explicitWait(BasePage.java:63)
at com.pages.BasePage.click(BasePage.java:31)
at com.pages.HomePage.selectFromTo(HomePage.java:121)
at com.tests.ValidationEpic1.searchFlights(ValidationEpic1.java:80)
at java.base/java.util.concurrent.ThreadPoolExecutor.runWorker(ThreadPoolExecutor.java:1130)
at java.base/java.util.concurrent.ThreadPoolExecutor$Worker.run(ThreadPoolExecutor.java:630)
at java.base/java.lang.Thread.run(Thread.java:832)
Caused by: org.openqa.selenium.NoSuchElementException: Unable to locate element: //a/div[contains(text(),'Flights')]
For documentation on this error, please visit: https://www.selenium.dev/documentation/webdriver/troubleshooting/errors#no-such-element-exception
Build info: version: '4.10.0', revision: 'c14d967899'
System info: os.name: 'Mac OS X', os.arch: 'x86_64', os.version: '10.16', java.version: '15.0.2'
Driver info: org.openqa.selenium.remote.RemoteWebDriver
Command: [75e2e97b-52ba-41d5-9790-b7fb718d4019, findElement {using=xpath, value=//a/div[contains(text(),'Flights')]}]
Capabilities {acceptInsecureCerts: false, browserName: firefox, browserVersion: 116.0, moz:accessibilityChecks: false, moz:buildID: 20230727152340, moz:geckodriverVersion: 0.33.0, moz:headless: false, moz:platformVersion: 5.15.49-linuxkit-pr, moz:processID: 1965, moz:profile: /tmp/rust_mozprofileBp2K79, moz:shutdownTimeout: 60000, moz:webdriverClick: true, moz:windowless: false, pageLoadStrategy: normal, platformName: linux, proxy: Proxy(), se:bidiEnabled: false, se:cdp: ws://172.26.0.3:4444/sessio..., se:noVncPort: 7900, se:vnc: ws://172.26.0.3:4444/sessio..., se:vncEnabled: true, se:vncLocalAddress: ws://172.26.0.3:7900, setWindowRect: true, strictFileInteractability: false, timeouts: {implicit: 0, pageLoad: 300000, script: 30000}, unhandledPromptBehavior: dismiss and notify}
Session ID: 75e2e97b-52ba-41d5-9790-b7fb718d4019
at org.openqa.selenium.remote.codec.w3c.W3CHttpResponseCodec.createException(W3CHttpResponseCodec.java:199)
at org.openqa.selenium.remote.codec.w3c.W3CHttpResponseCodec.decode(W3CHttpResponseCodec.java:132)
at org.openqa.selenium.remote.codec.w3c.W3CHttpResponseCodec.decode(W3CHttpResponseCodec.java:51)
at org.openqa.selenium.remote.HttpCommandExecutor.execute(HttpCommandExecutor.java:191)
at org.openqa.selenium.remote.TracedCommandExecutor.execute(TracedCommandExecutor.java:51)
at org.openqa.selenium.remote.RemoteWebDriver.execute(RemoteWebDriver.java:531)
at org.openqa.selenium.remote.ElementLocation$ElementFinder$2.findElement(ElementLocation.java:165)
at org.openqa.selenium.remote.ElementLocation.findElement(ElementLocation.java:59)
at org.openqa.selenium.remote.RemoteWebDriver.findElement(RemoteWebDriver.java:350)
at org.openqa.selenium.remote.RemoteWebDriver.findElement(RemoteWebDriver.java:344)
at org.openqa.selenium.support.ui.ExpectedConditions$6.apply(ExpectedConditions.java:171)
at org.openqa.selenium.support.ui.ExpectedConditions$6.apply(ExpectedConditions.java:168)
at org.openqa.selenium.support.ui.FluentWait.until(FluentWait.java:205)
... 19 more
... Removed 16 stack frames]]>
    </failure>
  </testcase> <!-- searchFlights -->
  <testcase classname="com.tests.ValidationEpic1" name="searchFlights4" time="0.0">
    <ignored/>
  </testcase> <!-- searchFlights4 -->
  <testcase classname="com.tests.ValidationEpic1" name="searchFlights2" time="0.0">
    <ignored/>
  </testcase> <!-- searchFlights2 -->
  <testcase classname="com.tests.ValidationEpic1" name="validateOfferesIsSelectedNegative" time="0.0">
    <ignored/>
  </testcase> <!-- validateOfferesIsSelectedNegative -->
  <testcase classname="com.tests.ValidationEpic1" name="validateBrokenIsSelected" time="0.0">
    <ignored/>
  </testcase> <!-- validateBrokenIsSelected -->
  <testcase classname="com.tests.ValidationEpic1" name="validateHotelIsSelected2" time="0.0">
    <ignored/>
  </testcase> <!-- validateHotelIsSelected2 -->
  <testcase classname="com.tests.ValidationEpic1" name="validateOfferesIsSelected" time="0.0">
    <ignored/>
  </testcase> <!-- validateOfferesIsSelected -->
  <testcase classname="com.tests.ValidationEpic1" name="searchFlights3" time="0.0">
    <ignored/>
  </testcase> <!-- searchFlights3 -->
</testsuite> <!-- firefox -->
