{"uid":"dbbcfb21c0b03745","name":"validate the Sorting works 3","fullName":"com.tests.ValidationEpic1.searchProduct_3rd","historyId":"8272b802c42e827bbc0163b6e784af19","time":{"start":1721840866761,"stop":1721840897144,"duration":30383},"description":"Search Product in Amazon3","descriptionHtml":"<p>Search Product in Amazon3</p>\n","status":"broken","statusMessage":"Expected condition failed: waiting for presence of element located by: By.xpath: //div/input[@type='text' and @id='twotabsearchtextbox'] (tried for 30 second(s) with 500 milliseconds interval)","statusTrace":"org.openqa.selenium.TimeoutException: Expected condition failed: waiting for presence of element located by: By.xpath: //div/input[@type='text' and @id='twotabsearchtextbox'] (tried for 30 second(s) with 500 milliseconds interval)\n\tat org.openqa.selenium.support.ui.WebDriverWait.timeoutException(WebDriverWait.java:84)\n\tat org.openqa.selenium.support.ui.FluentWait.until(FluentWait.java:230)\n\tat com.pages.BasePage.explicitWait(BasePage.java:102)\n\tat com.pages.BasePage.writeText(BasePage.java:50)\n\tat com.pages.AmazonHomePage.searchProduct(AmazonHomePage.java:31)\n\tat com.tests.ValidationEpic1.searchProduct_3rd(ValidationEpic1.java:165)\n\tat java.base/jdk.internal.reflect.NativeMethodAccessorImpl.invoke0(Native Method)\n\tat java.base/jdk.internal.reflect.NativeMethodAccessorImpl.invoke(NativeMethodAccessorImpl.java:62)\n\tat java.base/jdk.internal.reflect.DelegatingMethodAccessorImpl.invoke(DelegatingMethodAccessorImpl.java:43)\n\tat java.base/java.lang.reflect.Method.invoke(Method.java:566)\n\tat org.testng.internal.MethodInvocationHelper.invokeMethod(MethodInvocationHelper.java:133)\n\tat org.testng.internal.TestInvoker.invokeMethod(TestInvoker.java:598)\n\tat org.testng.internal.TestInvoker.invokeTestMethod(TestInvoker.java:173)\n\tat org.testng.internal.MethodRunner.runInSequence(MethodRunner.java:46)\n\tat org.testng.internal.TestInvoker$MethodInvocationAgent.invoke(TestInvoker.java:824)\n\tat org.testng.internal.TestInvoker.invokeTestMethods(TestInvoker.java:146)\n\tat org.testng.internal.TestMethodWorker.invokeTestMethods(TestMethodWorker.java:146)\n\tat org.testng.internal.TestMethodWorker.run(TestMethodWorker.java:128)\n\tat java.base/java.util.concurrent.ThreadPoolExecutor.runWorker(ThreadPoolExecutor.java:1128)\n\tat java.base/java.util.concurrent.ThreadPoolExecutor$Worker.run(ThreadPoolExecutor.java:628)\n\tat java.base/java.lang.Thread.run(Thread.java:829)\nCaused by: org.openqa.selenium.NoSuchElementException: no such element: Unable to locate element: {\"method\":\"xpath\",\"selector\":\"//div/input[@type='text' and @id='twotabsearchtextbox']\"}\n  (Session info: chrome-headless-shell=126.0.6478.182)\nFor documentation on this error, please visit: https://www.selenium.dev/documentation/webdriver/troubleshooting/errors#no-such-element-exception\nBuild info: version: '4.12.1', revision: '8e34639b11'\nSystem info: os.name: 'Linux', os.arch: 'amd64', os.version: '6.5.0-1024-azure', java.version: '11.0.23'\nDriver info: org.openqa.selenium.chrome.ChromeDriver\nCommand: [ef126d7cede92b64cdd40b6c489244f7, findElement {using=xpath, value=//div/input[@type='text' and @id='twotabsearchtextbox']}]\nCapabilities {acceptInsecureCerts: false, browserName: chrome-headless-shell, browserVersion: 126.0.6478.182, chrome: {chromedriverVersion: 126.0.6478.182 (5b5d8292ddf..., userDataDir: /tmp/.org.chromium.Chromium...}, fedcm:accounts: true, goog:chromeOptions: {debuggerAddress: localhost:34377}, networkConnectionEnabled: false, pageLoadStrategy: normal, platformName: linux, proxy: Proxy(), se:cdp: ws://localhost:34377/devtoo..., se:cdpVersion: 126.0.6478.182, setWindowRect: true, strictFileInteractability: false, timeouts: {implicit: 0, pageLoad: 300000, script: 30000}, unhandledPromptBehavior: dismiss and notify, webauthn:extension:credBlob: true, webauthn:extension:largeBlob: true, webauthn:extension:minPinLength: true, webauthn:extension:prf: true, webauthn:virtualAuthenticators: true}\nSession ID: ef126d7cede92b64cdd40b6c489244f7\n\tat jdk.internal.reflect.GeneratedConstructorAccessor60.newInstance(Unknown Source)\n\tat java.base/jdk.internal.reflect.DelegatingConstructorAccessorImpl.newInstance(DelegatingConstructorAccessorImpl.java:45)\n\tat java.base/java.lang.reflect.Constructor.newInstance(Constructor.java:490)\n\tat org.openqa.selenium.remote.codec.w3c.W3CHttpResponseCodec.createException(W3CHttpResponseCodec.java:200)\n\tat org.openqa.selenium.remote.codec.w3c.W3CHttpResponseCodec.decode(W3CHttpResponseCodec.java:133)\n\tat org.openqa.selenium.remote.codec.w3c.W3CHttpResponseCodec.decode(W3CHttpResponseCodec.java:52)\n\tat org.openqa.selenium.remote.HttpCommandExecutor.execute(HttpCommandExecutor.java:191)\n\tat org.openqa.selenium.remote.service.DriverCommandExecutor.invokeExecute(DriverCommandExecutor.java:196)\n\tat org.openqa.selenium.remote.service.DriverCommandExecutor.execute(DriverCommandExecutor.java:171)\n\tat org.openqa.selenium.remote.RemoteWebDriver.execute(RemoteWebDriver.java:602)\n\tat org.openqa.selenium.remote.ElementLocation$ElementFinder$2.findElement(ElementLocation.java:165)\n\tat org.openqa.selenium.remote.ElementLocation.findElement(ElementLocation.java:59)\n\tat org.openqa.selenium.remote.RemoteWebDriver.findElement(RemoteWebDriver.java:359)\n\tat org.openqa.selenium.remote.RemoteWebDriver.findElement(RemoteWebDriver.java:353)\n\tat org.openqa.selenium.support.ui.ExpectedConditions$6.apply(ExpectedConditions.java:171)\n\tat org.openqa.selenium.support.ui.ExpectedConditions$6.apply(ExpectedConditions.java:168)\n\tat org.openqa.selenium.support.ui.FluentWait.until(FluentWait.java:205)\n\t... 19 more\n","flaky":false,"newFailed":false,"newBroken":false,"newPassed":false,"retriesCount":0,"retriesStatusChange":false,"beforeStages":[{"name":"setUp","time":{"start":1721840854574,"stop":1721840866738,"duration":12164},"description":"","status":"passed","steps":[],"attachments":[],"parameters":[],"shouldDisplayMessage":false,"stepsCount":0,"attachmentsCount":0,"hasContent":false,"attachmentStep":false}],"testStage":{"description":"Search Product in Amazon3","status":"broken","statusMessage":"Expected condition failed: waiting for presence of element located by: By.xpath: //div/input[@type='text' and @id='twotabsearchtextbox'] (tried for 30 second(s) with 500 milliseconds interval)","statusTrace":"org.openqa.selenium.TimeoutException: Expected condition failed: waiting for presence of element located by: By.xpath: //div/input[@type='text' and @id='twotabsearchtextbox'] (tried for 30 second(s) with 500 milliseconds interval)\n\tat org.openqa.selenium.support.ui.WebDriverWait.timeoutException(WebDriverWait.java:84)\n\tat org.openqa.selenium.support.ui.FluentWait.until(FluentWait.java:230)\n\tat com.pages.BasePage.explicitWait(BasePage.java:102)\n\tat com.pages.BasePage.writeText(BasePage.java:50)\n\tat com.pages.AmazonHomePage.searchProduct(AmazonHomePage.java:31)\n\tat com.tests.ValidationEpic1.searchProduct_3rd(ValidationEpic1.java:165)\n\tat java.base/jdk.internal.reflect.NativeMethodAccessorImpl.invoke0(Native Method)\n\tat java.base/jdk.internal.reflect.NativeMethodAccessorImpl.invoke(NativeMethodAccessorImpl.java:62)\n\tat java.base/jdk.internal.reflect.DelegatingMethodAccessorImpl.invoke(DelegatingMethodAccessorImpl.java:43)\n\tat java.base/java.lang.reflect.Method.invoke(Method.java:566)\n\tat org.testng.internal.MethodInvocationHelper.invokeMethod(MethodInvocationHelper.java:133)\n\tat org.testng.internal.TestInvoker.invokeMethod(TestInvoker.java:598)\n\tat org.testng.internal.TestInvoker.invokeTestMethod(TestInvoker.java:173)\n\tat org.testng.internal.MethodRunner.runInSequence(MethodRunner.java:46)\n\tat org.testng.internal.TestInvoker$MethodInvocationAgent.invoke(TestInvoker.java:824)\n\tat org.testng.internal.TestInvoker.invokeTestMethods(TestInvoker.java:146)\n\tat org.testng.internal.TestMethodWorker.invokeTestMethods(TestMethodWorker.java:146)\n\tat org.testng.internal.TestMethodWorker.run(TestMethodWorker.java:128)\n\tat java.base/java.util.concurrent.ThreadPoolExecutor.runWorker(ThreadPoolExecutor.java:1128)\n\tat java.base/java.util.concurrent.ThreadPoolExecutor$Worker.run(ThreadPoolExecutor.java:628)\n\tat java.base/java.lang.Thread.run(Thread.java:829)\nCaused by: org.openqa.selenium.NoSuchElementException: no such element: Unable to locate element: {\"method\":\"xpath\",\"selector\":\"//div/input[@type='text' and @id='twotabsearchtextbox']\"}\n  (Session info: chrome-headless-shell=126.0.6478.182)\nFor documentation on this error, please visit: https://www.selenium.dev/documentation/webdriver/troubleshooting/errors#no-such-element-exception\nBuild info: version: '4.12.1', revision: '8e34639b11'\nSystem info: os.name: 'Linux', os.arch: 'amd64', os.version: '6.5.0-1024-azure', java.version: '11.0.23'\nDriver info: org.openqa.selenium.chrome.ChromeDriver\nCommand: [ef126d7cede92b64cdd40b6c489244f7, findElement {using=xpath, value=//div/input[@type='text' and @id='twotabsearchtextbox']}]\nCapabilities {acceptInsecureCerts: false, browserName: chrome-headless-shell, browserVersion: 126.0.6478.182, chrome: {chromedriverVersion: 126.0.6478.182 (5b5d8292ddf..., userDataDir: /tmp/.org.chromium.Chromium...}, fedcm:accounts: true, goog:chromeOptions: {debuggerAddress: localhost:34377}, networkConnectionEnabled: false, pageLoadStrategy: normal, platformName: linux, proxy: Proxy(), se:cdp: ws://localhost:34377/devtoo..., se:cdpVersion: 126.0.6478.182, setWindowRect: true, strictFileInteractability: false, timeouts: {implicit: 0, pageLoad: 300000, script: 30000}, unhandledPromptBehavior: dismiss and notify, webauthn:extension:credBlob: true, webauthn:extension:largeBlob: true, webauthn:extension:minPinLength: true, webauthn:extension:prf: true, webauthn:virtualAuthenticators: true}\nSession ID: ef126d7cede92b64cdd40b6c489244f7\n\tat jdk.internal.reflect.GeneratedConstructorAccessor60.newInstance(Unknown Source)\n\tat java.base/jdk.internal.reflect.DelegatingConstructorAccessorImpl.newInstance(DelegatingConstructorAccessorImpl.java:45)\n\tat java.base/java.lang.reflect.Constructor.newInstance(Constructor.java:490)\n\tat org.openqa.selenium.remote.codec.w3c.W3CHttpResponseCodec.createException(W3CHttpResponseCodec.java:200)\n\tat org.openqa.selenium.remote.codec.w3c.W3CHttpResponseCodec.decode(W3CHttpResponseCodec.java:133)\n\tat org.openqa.selenium.remote.codec.w3c.W3CHttpResponseCodec.decode(W3CHttpResponseCodec.java:52)\n\tat org.openqa.selenium.remote.HttpCommandExecutor.execute(HttpCommandExecutor.java:191)\n\tat org.openqa.selenium.remote.service.DriverCommandExecutor.invokeExecute(DriverCommandExecutor.java:196)\n\tat org.openqa.selenium.remote.service.DriverCommandExecutor.execute(DriverCommandExecutor.java:171)\n\tat org.openqa.selenium.remote.RemoteWebDriver.execute(RemoteWebDriver.java:602)\n\tat org.openqa.selenium.remote.ElementLocation$ElementFinder$2.findElement(ElementLocation.java:165)\n\tat org.openqa.selenium.remote.ElementLocation.findElement(ElementLocation.java:59)\n\tat org.openqa.selenium.remote.RemoteWebDriver.findElement(RemoteWebDriver.java:359)\n\tat org.openqa.selenium.remote.RemoteWebDriver.findElement(RemoteWebDriver.java:353)\n\tat org.openqa.selenium.support.ui.ExpectedConditions$6.apply(ExpectedConditions.java:171)\n\tat org.openqa.selenium.support.ui.ExpectedConditions$6.apply(ExpectedConditions.java:168)\n\tat org.openqa.selenium.support.ui.FluentWait.until(FluentWait.java:205)\n\t... 19 more\n","steps":[{"name":"getText","time":{"start":1721840866781,"stop":1721840897102,"duration":30321},"status":"broken","statusMessage":"Expected condition failed: waiting for presence of element located by: By.xpath: //div/input[@type='text' and @id='twotabsearchtextbox'] (tried for 30 second(s) with 500 milliseconds interval)","statusTrace":"org.openqa.selenium.TimeoutException: Expected condition failed: waiting for presence of element located by: By.xpath: //div/input[@type='text' and @id='twotabsearchtextbox'] (tried for 30 second(s) with 500 milliseconds interval)\n\tat org.openqa.selenium.support.ui.WebDriverWait.timeoutException(WebDriverWait.java:84)\n\tat org.openqa.selenium.support.ui.FluentWait.until(FluentWait.java:230)\n\tat com.pages.BasePage.explicitWait(BasePage.java:102)\n\tat com.pages.BasePage.writeText(BasePage.java:50)\n\tat com.pages.AmazonHomePage.searchProduct(AmazonHomePage.java:31)\n\tat com.tests.ValidationEpic1.searchProduct_3rd(ValidationEpic1.java:165)\n\tat java.base/jdk.internal.reflect.NativeMethodAccessorImpl.invoke0(Native Method)\n\tat java.base/jdk.internal.reflect.NativeMethodAccessorImpl.invoke(NativeMethodAccessorImpl.java:62)\n\tat java.base/jdk.internal.reflect.DelegatingMethodAccessorImpl.invoke(DelegatingMethodAccessorImpl.java:43)\n\tat java.base/java.lang.reflect.Method.invoke(Method.java:566)\n\tat org.testng.internal.MethodInvocationHelper.invokeMethod(MethodInvocationHelper.java:133)\n\tat org.testng.internal.TestInvoker.invokeMethod(TestInvoker.java:598)\n\tat org.testng.internal.TestInvoker.invokeTestMethod(TestInvoker.java:173)\n\tat org.testng.internal.MethodRunner.runInSequence(MethodRunner.java:46)\n\tat org.testng.internal.TestInvoker$MethodInvocationAgent.invoke(TestInvoker.java:824)\n\tat org.testng.internal.TestInvoker.invokeTestMethods(TestInvoker.java:146)\n\tat org.testng.internal.TestMethodWorker.invokeTestMethods(TestMethodWorker.java:146)\n\tat org.testng.internal.TestMethodWorker.run(TestMethodWorker.java:128)\n\tat java.base/java.util.concurrent.ThreadPoolExecutor.runWorker(ThreadPoolExecutor.java:1128)\n\tat java.base/java.util.concurrent.ThreadPoolExecutor$Worker.run(ThreadPoolExecutor.java:628)\n\tat java.base/java.lang.Thread.run(Thread.java:829)\nCaused by: org.openqa.selenium.NoSuchElementException: no such element: Unable to locate element: {\"method\":\"xpath\",\"selector\":\"//div/input[@type='text' and @id='twotabsearchtextbox']\"}\n  (Session info: chrome-headless-shell=126.0.6478.182)\nFor documentation on this error, please visit: https://www.selenium.dev/documentation/webdriver/troubleshooting/errors#no-such-element-exception\nBuild info: version: '4.12.1', revision: '8e34639b11'\nSystem info: os.name: 'Linux', os.arch: 'amd64', os.version: '6.5.0-1024-azure', java.version: '11.0.23'\nDriver info: org.openqa.selenium.chrome.ChromeDriver\nCommand: [ef126d7cede92b64cdd40b6c489244f7, findElement {using=xpath, value=//div/input[@type='text' and @id='twotabsearchtextbox']}]\nCapabilities {acceptInsecureCerts: false, browserName: chrome-headless-shell, browserVersion: 126.0.6478.182, chrome: {chromedriverVersion: 126.0.6478.182 (5b5d8292ddf..., userDataDir: /tmp/.org.chromium.Chromium...}, fedcm:accounts: true, goog:chromeOptions: {debuggerAddress: localhost:34377}, networkConnectionEnabled: false, pageLoadStrategy: normal, platformName: linux, proxy: Proxy(), se:cdp: ws://localhost:34377/devtoo..., se:cdpVersion: 126.0.6478.182, setWindowRect: true, strictFileInteractability: false, timeouts: {implicit: 0, pageLoad: 300000, script: 30000}, unhandledPromptBehavior: dismiss and notify, webauthn:extension:credBlob: true, webauthn:extension:largeBlob: true, webauthn:extension:minPinLength: true, webauthn:extension:prf: true, webauthn:virtualAuthenticators: true}\nSession ID: ef126d7cede92b64cdd40b6c489244f7\n\tat jdk.internal.reflect.GeneratedConstructorAccessor60.newInstance(Unknown Source)\n\tat java.base/jdk.internal.reflect.DelegatingConstructorAccessorImpl.newInstance(DelegatingConstructorAccessorImpl.java:45)\n\tat java.base/java.lang.reflect.Constructor.newInstance(Constructor.java:490)\n\tat org.openqa.selenium.remote.codec.w3c.W3CHttpResponseCodec.createException(W3CHttpResponseCodec.java:200)\n\tat org.openqa.selenium.remote.codec.w3c.W3CHttpResponseCodec.decode(W3CHttpResponseCodec.java:133)\n\tat org.openqa.selenium.remote.codec.w3c.W3CHttpResponseCodec.decode(W3CHttpResponseCodec.java:52)\n\tat org.openqa.selenium.remote.HttpCommandExecutor.execute(HttpCommandExecutor.java:191)\n\tat org.openqa.selenium.remote.service.DriverCommandExecutor.invokeExecute(DriverCommandExecutor.java:196)\n\tat org.openqa.selenium.remote.service.DriverCommandExecutor.execute(DriverCommandExecutor.java:171)\n\tat org.openqa.selenium.remote.RemoteWebDriver.execute(RemoteWebDriver.java:602)\n\tat org.openqa.selenium.remote.ElementLocation$ElementFinder$2.findElement(ElementLocation.java:165)\n\tat org.openqa.selenium.remote.ElementLocation.findElement(ElementLocation.java:59)\n\tat org.openqa.selenium.remote.RemoteWebDriver.findElement(RemoteWebDriver.java:359)\n\tat org.openqa.selenium.remote.RemoteWebDriver.findElement(RemoteWebDriver.java:353)\n\tat org.openqa.selenium.support.ui.ExpectedConditions$6.apply(ExpectedConditions.java:171)\n\tat org.openqa.selenium.support.ui.ExpectedConditions$6.apply(ExpectedConditions.java:168)\n\tat org.openqa.selenium.support.ui.FluentWait.until(FluentWait.java:205)\n\t... 19 more\n","steps":[],"attachments":[],"parameters":[{"name":"wait","value":"PRESENCE"},{"name":"product","value":"iPhone 14"},{"name":"message","value":"Search Iphone 14"}],"shouldDisplayMessage":true,"stepsCount":0,"attachmentsCount":0,"hasContent":true,"attachmentStep":false}],"attachments":[{"uid":"78bc4d806a064f98","name":"Screenshot","source":"78bc4d806a064f98.png","type":"image/png","size":40287},{"uid":"eb34edeaa354361","name":"searchProduct_3rd failed and screenshot taken!","source":"eb34edeaa354361.txt","type":"text/plain","size":46}],"parameters":[],"shouldDisplayMessage":false,"stepsCount":1,"attachmentsCount":2,"hasContent":true,"attachmentStep":false},"afterStages":[{"name":"tearDown","time":{"start":1721840897146,"stop":1721840897246,"duration":100},"description":"","status":"passed","steps":[],"attachments":[],"parameters":[],"shouldDisplayMessage":false,"stepsCount":0,"attachmentsCount":0,"hasContent":false,"attachmentStep":false}],"labels":[{"name":"package","value":"com.tests.ValidationEpic1"},{"name":"testClass","value":"com.tests.ValidationEpic1"},{"name":"testMethod","value":"searchProduct_3rd"},{"name":"parentSuite","value":"Suite"},{"name":"suite","value":"chrome"},{"name":"subSuite","value":"com.tests.ValidationEpic1"},{"name":"host","value":"fv-az2026-323"},{"name":"thread","value":"2896@fv-az2026-323.TestNG-test=chrome-3(19)"},{"name":"framework","value":"testng"},{"name":"language","value":"java"},{"name":"epic","value":"AZ003"},{"name":"feature","value":"Broken"},{"name":"story","value":"Search product"},{"name":"severity","value":"critical"},{"name":"resultFormat","value":"allure2"}],"parameters":[{"name":"BROWSER","value":"chrome"},{"name":"BROWSERVERSION","value":"116"}],"links":[],"hidden":true,"retry":true,"extra":{"categories":[],"tags":[]},"source":"dbbcfb21c0b03745.json","parameterValues":["chrome","116"]}