{"uid":"ccae094ea2be6a79","name":"validate the Sorting works","fullName":"com.tests.ValidationEpic1.searchProduct","historyId":"5f4ffb250e1f45428e7199b37c542242","time":{"start":1721840743334,"stop":1721840753387,"duration":10053},"description":"Search Product in Amazon","descriptionHtml":"<p>Search Product in Amazon</p>\n","status":"broken","statusMessage":"no such element: Unable to locate element: {\"method\":\"xpath\",\"selector\":\"//h2/a/span[contains(text(),'iPhone 14')]/../../../following-sibling::div//span[@class='a-price']/span[contains(text(),'₹')]\"}\n  (Session info: chrome-headless-shell=126.0.6478.182)\nFor documentation on this error, please visit: https://www.selenium.dev/documentation/webdriver/troubleshooting/errors#no-such-element-exception\nBuild info: version: '4.12.1', revision: '8e34639b11'\nSystem info: os.name: 'Linux', os.arch: 'amd64', os.version: '6.5.0-1024-azure', java.version: '11.0.23'\nDriver info: org.openqa.selenium.chrome.ChromeDriver\nCommand: [78785154955b6ac7732cc26f313c4ab4, findElement {using=xpath, value=//h2/a/span[contains(text(),'iPhone 14')]/../../../following-sibling::div//span[@class='a-price']/span[contains(text(),'₹')]}]\nCapabilities {acceptInsecureCerts: false, browserName: chrome-headless-shell, browserVersion: 126.0.6478.182, chrome: {chromedriverVersion: 126.0.6478.182 (5b5d8292ddf..., userDataDir: /tmp/.org.chromium.Chromium...}, fedcm:accounts: true, goog:chromeOptions: {debuggerAddress: localhost:46633}, networkConnectionEnabled: false, pageLoadStrategy: normal, platformName: linux, proxy: Proxy(), se:cdp: ws://localhost:46633/devtoo..., se:cdpVersion: 126.0.6478.182, setWindowRect: true, strictFileInteractability: false, timeouts: {implicit: 0, pageLoad: 300000, script: 30000}, unhandledPromptBehavior: dismiss and notify, webauthn:extension:credBlob: true, webauthn:extension:largeBlob: true, webauthn:extension:minPinLength: true, webauthn:extension:prf: true, webauthn:virtualAuthenticators: true}\nSession ID: 78785154955b6ac7732cc26f313c4ab4","statusTrace":"org.openqa.selenium.NoSuchElementException: no such element: Unable to locate element: {\"method\":\"xpath\",\"selector\":\"//h2/a/span[contains(text(),'iPhone 14')]/../../../following-sibling::div//span[@class='a-price']/span[contains(text(),'₹')]\"}\n  (Session info: chrome-headless-shell=126.0.6478.182)\nFor documentation on this error, please visit: https://www.selenium.dev/documentation/webdriver/troubleshooting/errors#no-such-element-exception\nBuild info: version: '4.12.1', revision: '8e34639b11'\nSystem info: os.name: 'Linux', os.arch: 'amd64', os.version: '6.5.0-1024-azure', java.version: '11.0.23'\nDriver info: org.openqa.selenium.chrome.ChromeDriver\nCommand: [78785154955b6ac7732cc26f313c4ab4, findElement {using=xpath, value=//h2/a/span[contains(text(),'iPhone 14')]/../../../following-sibling::div//span[@class='a-price']/span[contains(text(),'₹')]}]\nCapabilities {acceptInsecureCerts: false, browserName: chrome-headless-shell, browserVersion: 126.0.6478.182, chrome: {chromedriverVersion: 126.0.6478.182 (5b5d8292ddf..., userDataDir: /tmp/.org.chromium.Chromium...}, fedcm:accounts: true, goog:chromeOptions: {debuggerAddress: localhost:46633}, networkConnectionEnabled: false, pageLoadStrategy: normal, platformName: linux, proxy: Proxy(), se:cdp: ws://localhost:46633/devtoo..., se:cdpVersion: 126.0.6478.182, setWindowRect: true, strictFileInteractability: false, timeouts: {implicit: 0, pageLoad: 300000, script: 30000}, unhandledPromptBehavior: dismiss and notify, webauthn:extension:credBlob: true, webauthn:extension:largeBlob: true, webauthn:extension:minPinLength: true, webauthn:extension:prf: true, webauthn:virtualAuthenticators: true}\nSession ID: 78785154955b6ac7732cc26f313c4ab4\n\tat jdk.internal.reflect.GeneratedConstructorAccessor60.newInstance(Unknown Source)\n\tat java.base/jdk.internal.reflect.DelegatingConstructorAccessorImpl.newInstance(DelegatingConstructorAccessorImpl.java:45)\n\tat java.base/java.lang.reflect.Constructor.newInstance(Constructor.java:490)\n\tat org.openqa.selenium.remote.codec.w3c.W3CHttpResponseCodec.createException(W3CHttpResponseCodec.java:200)\n\tat org.openqa.selenium.remote.codec.w3c.W3CHttpResponseCodec.decode(W3CHttpResponseCodec.java:133)\n\tat org.openqa.selenium.remote.codec.w3c.W3CHttpResponseCodec.decode(W3CHttpResponseCodec.java:52)\n\tat org.openqa.selenium.remote.HttpCommandExecutor.execute(HttpCommandExecutor.java:191)\n\tat org.openqa.selenium.remote.service.DriverCommandExecutor.invokeExecute(DriverCommandExecutor.java:196)\n\tat org.openqa.selenium.remote.service.DriverCommandExecutor.execute(DriverCommandExecutor.java:171)\n\tat org.openqa.selenium.remote.RemoteWebDriver.execute(RemoteWebDriver.java:602)\n\tat org.openqa.selenium.remote.ElementLocation$ElementFinder$2.findElement(ElementLocation.java:165)\n\tat org.openqa.selenium.remote.ElementLocation.findElement(ElementLocation.java:59)\n\tat org.openqa.selenium.remote.RemoteWebDriver.findElement(RemoteWebDriver.java:359)\n\tat org.openqa.selenium.remote.RemoteWebDriver.findElement(RemoteWebDriver.java:353)\n\tat com.pages.BasePage.explicitWait(BasePage.java:111)\n\tat com.pages.BasePage.ListReadText(BasePage.java:68)\n\tat com.pages.ProductSearchResult.validateProductResultSorting(ProductSearchResult.java:53)\n\tat com.tests.ValidationEpic1.searchProduct(ValidationEpic1.java:138)\n\tat java.base/jdk.internal.reflect.NativeMethodAccessorImpl.invoke0(Native Method)\n\tat java.base/jdk.internal.reflect.NativeMethodAccessorImpl.invoke(NativeMethodAccessorImpl.java:62)\n\tat java.base/jdk.internal.reflect.DelegatingMethodAccessorImpl.invoke(DelegatingMethodAccessorImpl.java:43)\n\tat java.base/java.lang.reflect.Method.invoke(Method.java:566)\n\tat org.testng.internal.MethodInvocationHelper.invokeMethod(MethodInvocationHelper.java:133)\n\tat org.testng.internal.TestInvoker.invokeMethod(TestInvoker.java:598)\n\tat org.testng.internal.TestInvoker.invokeTestMethod(TestInvoker.java:173)\n\tat org.testng.internal.MethodRunner.runInSequence(MethodRunner.java:46)\n\tat org.testng.internal.TestInvoker$MethodInvocationAgent.invoke(TestInvoker.java:824)\n\tat org.testng.internal.TestInvoker.invokeTestMethods(TestInvoker.java:146)\n\tat org.testng.internal.TestMethodWorker.invokeTestMethods(TestMethodWorker.java:146)\n\tat org.testng.internal.TestMethodWorker.run(TestMethodWorker.java:128)\n\tat java.base/java.util.concurrent.ThreadPoolExecutor.runWorker(ThreadPoolExecutor.java:1128)\n\tat java.base/java.util.concurrent.ThreadPoolExecutor$Worker.run(ThreadPoolExecutor.java:628)\n\tat java.base/java.lang.Thread.run(Thread.java:829)\n","flaky":false,"newFailed":false,"newBroken":false,"newPassed":false,"retriesCount":2,"retriesStatusChange":true,"beforeStages":[{"name":"setUp","time":{"start":1721840741848,"stop":1721840743332,"duration":1484},"description":"","status":"passed","steps":[],"attachments":[],"parameters":[],"shouldDisplayMessage":false,"stepsCount":0,"attachmentsCount":0,"hasContent":false,"attachmentStep":false}],"testStage":{"description":"Search Product in Amazon","status":"broken","statusMessage":"no such element: Unable to locate element: {\"method\":\"xpath\",\"selector\":\"//h2/a/span[contains(text(),'iPhone 14')]/../../../following-sibling::div//span[@class='a-price']/span[contains(text(),'₹')]\"}\n  (Session info: chrome-headless-shell=126.0.6478.182)\nFor documentation on this error, please visit: https://www.selenium.dev/documentation/webdriver/troubleshooting/errors#no-such-element-exception\nBuild info: version: '4.12.1', revision: '8e34639b11'\nSystem info: os.name: 'Linux', os.arch: 'amd64', os.version: '6.5.0-1024-azure', java.version: '11.0.23'\nDriver info: org.openqa.selenium.chrome.ChromeDriver\nCommand: [78785154955b6ac7732cc26f313c4ab4, findElement {using=xpath, value=//h2/a/span[contains(text(),'iPhone 14')]/../../../following-sibling::div//span[@class='a-price']/span[contains(text(),'₹')]}]\nCapabilities {acceptInsecureCerts: false, browserName: chrome-headless-shell, browserVersion: 126.0.6478.182, chrome: {chromedriverVersion: 126.0.6478.182 (5b5d8292ddf..., userDataDir: /tmp/.org.chromium.Chromium...}, fedcm:accounts: true, goog:chromeOptions: {debuggerAddress: localhost:46633}, networkConnectionEnabled: false, pageLoadStrategy: normal, platformName: linux, proxy: Proxy(), se:cdp: ws://localhost:46633/devtoo..., se:cdpVersion: 126.0.6478.182, setWindowRect: true, strictFileInteractability: false, timeouts: {implicit: 0, pageLoad: 300000, script: 30000}, unhandledPromptBehavior: dismiss and notify, webauthn:extension:credBlob: true, webauthn:extension:largeBlob: true, webauthn:extension:minPinLength: true, webauthn:extension:prf: true, webauthn:virtualAuthenticators: true}\nSession ID: 78785154955b6ac7732cc26f313c4ab4","statusTrace":"org.openqa.selenium.NoSuchElementException: no such element: Unable to locate element: {\"method\":\"xpath\",\"selector\":\"//h2/a/span[contains(text(),'iPhone 14')]/../../../following-sibling::div//span[@class='a-price']/span[contains(text(),'₹')]\"}\n  (Session info: chrome-headless-shell=126.0.6478.182)\nFor documentation on this error, please visit: https://www.selenium.dev/documentation/webdriver/troubleshooting/errors#no-such-element-exception\nBuild info: version: '4.12.1', revision: '8e34639b11'\nSystem info: os.name: 'Linux', os.arch: 'amd64', os.version: '6.5.0-1024-azure', java.version: '11.0.23'\nDriver info: org.openqa.selenium.chrome.ChromeDriver\nCommand: [78785154955b6ac7732cc26f313c4ab4, findElement {using=xpath, value=//h2/a/span[contains(text(),'iPhone 14')]/../../../following-sibling::div//span[@class='a-price']/span[contains(text(),'₹')]}]\nCapabilities {acceptInsecureCerts: false, browserName: chrome-headless-shell, browserVersion: 126.0.6478.182, chrome: {chromedriverVersion: 126.0.6478.182 (5b5d8292ddf..., userDataDir: /tmp/.org.chromium.Chromium...}, fedcm:accounts: true, goog:chromeOptions: {debuggerAddress: localhost:46633}, networkConnectionEnabled: false, pageLoadStrategy: normal, platformName: linux, proxy: Proxy(), se:cdp: ws://localhost:46633/devtoo..., se:cdpVersion: 126.0.6478.182, setWindowRect: true, strictFileInteractability: false, timeouts: {implicit: 0, pageLoad: 300000, script: 30000}, unhandledPromptBehavior: dismiss and notify, webauthn:extension:credBlob: true, webauthn:extension:largeBlob: true, webauthn:extension:minPinLength: true, webauthn:extension:prf: true, webauthn:virtualAuthenticators: true}\nSession ID: 78785154955b6ac7732cc26f313c4ab4\n\tat jdk.internal.reflect.GeneratedConstructorAccessor60.newInstance(Unknown Source)\n\tat java.base/jdk.internal.reflect.DelegatingConstructorAccessorImpl.newInstance(DelegatingConstructorAccessorImpl.java:45)\n\tat java.base/java.lang.reflect.Constructor.newInstance(Constructor.java:490)\n\tat org.openqa.selenium.remote.codec.w3c.W3CHttpResponseCodec.createException(W3CHttpResponseCodec.java:200)\n\tat org.openqa.selenium.remote.codec.w3c.W3CHttpResponseCodec.decode(W3CHttpResponseCodec.java:133)\n\tat org.openqa.selenium.remote.codec.w3c.W3CHttpResponseCodec.decode(W3CHttpResponseCodec.java:52)\n\tat org.openqa.selenium.remote.HttpCommandExecutor.execute(HttpCommandExecutor.java:191)\n\tat org.openqa.selenium.remote.service.DriverCommandExecutor.invokeExecute(DriverCommandExecutor.java:196)\n\tat org.openqa.selenium.remote.service.DriverCommandExecutor.execute(DriverCommandExecutor.java:171)\n\tat org.openqa.selenium.remote.RemoteWebDriver.execute(RemoteWebDriver.java:602)\n\tat org.openqa.selenium.remote.ElementLocation$ElementFinder$2.findElement(ElementLocation.java:165)\n\tat org.openqa.selenium.remote.ElementLocation.findElement(ElementLocation.java:59)\n\tat org.openqa.selenium.remote.RemoteWebDriver.findElement(RemoteWebDriver.java:359)\n\tat org.openqa.selenium.remote.RemoteWebDriver.findElement(RemoteWebDriver.java:353)\n\tat com.pages.BasePage.explicitWait(BasePage.java:111)\n\tat com.pages.BasePage.ListReadText(BasePage.java:68)\n\tat com.pages.ProductSearchResult.validateProductResultSorting(ProductSearchResult.java:53)\n\tat com.tests.ValidationEpic1.searchProduct(ValidationEpic1.java:138)\n\tat java.base/jdk.internal.reflect.NativeMethodAccessorImpl.invoke0(Native Method)\n\tat java.base/jdk.internal.reflect.NativeMethodAccessorImpl.invoke(NativeMethodAccessorImpl.java:62)\n\tat java.base/jdk.internal.reflect.DelegatingMethodAccessorImpl.invoke(DelegatingMethodAccessorImpl.java:43)\n\tat java.base/java.lang.reflect.Method.invoke(Method.java:566)\n\tat org.testng.internal.MethodInvocationHelper.invokeMethod(MethodInvocationHelper.java:133)\n\tat org.testng.internal.TestInvoker.invokeMethod(TestInvoker.java:598)\n\tat org.testng.internal.TestInvoker.invokeTestMethod(TestInvoker.java:173)\n\tat org.testng.internal.MethodRunner.runInSequence(MethodRunner.java:46)\n\tat org.testng.internal.TestInvoker$MethodInvocationAgent.invoke(TestInvoker.java:824)\n\tat org.testng.internal.TestInvoker.invokeTestMethods(TestInvoker.java:146)\n\tat org.testng.internal.TestMethodWorker.invokeTestMethods(TestMethodWorker.java:146)\n\tat org.testng.internal.TestMethodWorker.run(TestMethodWorker.java:128)\n\tat java.base/java.util.concurrent.ThreadPoolExecutor.runWorker(ThreadPoolExecutor.java:1128)\n\tat java.base/java.util.concurrent.ThreadPoolExecutor$Worker.run(ThreadPoolExecutor.java:628)\n\tat java.base/java.lang.Thread.run(Thread.java:829)\n","steps":[{"name":"getText","time":{"start":1721840743334,"stop":1721840745004,"duration":1670},"status":"passed","steps":[],"attachments":[],"parameters":[{"name":"wait","value":"PRESENCE"},{"name":"product","value":"iPhone 14"},{"name":"message","value":"Search Iphone 14"}],"shouldDisplayMessage":false,"stepsCount":0,"attachmentsCount":0,"hasContent":true,"attachmentStep":false}],"attachments":[{"uid":"998269853f500e38","name":"Screenshot","source":"998269853f500e38.png","type":"image/png","size":129739},{"uid":"300667ffc491834a","name":"searchProduct failed and screenshot taken!","source":"300667ffc491834a.txt","type":"text/plain","size":42}],"parameters":[],"shouldDisplayMessage":true,"stepsCount":1,"attachmentsCount":2,"hasContent":true,"attachmentStep":false},"afterStages":[{"name":"tearDown","time":{"start":1721840753388,"stop":1721840753489,"duration":101},"description":"","status":"passed","steps":[],"attachments":[],"parameters":[],"shouldDisplayMessage":false,"stepsCount":0,"attachmentsCount":0,"hasContent":false,"attachmentStep":false}],"labels":[{"name":"package","value":"com.tests.ValidationEpic1"},{"name":"testClass","value":"com.tests.ValidationEpic1"},{"name":"testMethod","value":"searchProduct"},{"name":"parentSuite","value":"Suite"},{"name":"suite","value":"chrome"},{"name":"subSuite","value":"com.tests.ValidationEpic1"},{"name":"host","value":"fv-az1052-214"},{"name":"thread","value":"2884@fv-az1052-214.TestNG-test=chrome-1(17)"},{"name":"framework","value":"testng"},{"name":"language","value":"java"},{"name":"epic","value":"AZ001"},{"name":"feature","value":"Broken"},{"name":"story","value":"Search product"},{"name":"severity","value":"critical"},{"name":"resultFormat","value":"allure2"}],"parameters":[{"name":"BROWSER","value":"chrome"},{"name":"BROWSERVERSION","value":"116"}],"links":[],"hidden":false,"retry":false,"extra":{"severity":"critical","retries":[{"uid":"3e66e6d68ee9d1b8","status":"broken","statusDetails":"Expected condition failed: waiting for presence of element located by: By.xpath: //div/input[@type='text' and @id='twotabsearchtextbox'] (tried for 30 second(s) with 500 milliseconds interval)","time":{"start":1721840711523,"stop":1721840741744,"duration":30221}},{"uid":"4922070426229079","status":"unknown","time":{"start":1704647572015,"stop":1704647572015,"duration":0}}],"categories":[{"name":"Test defects","matchedStatuses":[],"flaky":false}],"history":{"statistic":{"failed":0,"broken":3,"skipped":0,"passed":0,"unknown":2,"total":5},"items":[{"uid":"69b465313cd1acc1","reportUrl":"https://flux-mitter.github.io/testNgWithDocker/13//#testresult/69b465313cd1acc1","status":"broken","statusDetails":"Expected condition failed: waiting for presence of element located by: By.xpath: //span[contains(text(),'Sort by:')] (tried for 30 second(s) with 500 milliseconds interval)","time":{"start":1705773968026,"stop":1705773998552,"duration":30526}},{"uid":"5dda1fbb4087dd5c","reportUrl":"https://flux-mitter.github.io/testNgWithDocker/11//#testresult/5dda1fbb4087dd5c","status":"broken","statusDetails":"Expected condition failed: waiting for presence of element located by: By.xpath: //div/input[@type='text' and @id='twotabsearchtextbox'] (tried for 30 second(s) with 500 milliseconds interval)","time":{"start":1705773540442,"stop":1705773570977,"duration":30535}},{"uid":"983fc98276983eb1","reportUrl":"https://flux-mitter.github.io/testNgWithDocker/16//#testresult/983fc98276983eb1","status":"unknown","time":{"start":1705768508566,"stop":1705768508566,"duration":0}},{"uid":"4800c6eb6766a162","status":"unknown","time":{"start":1705767968405,"stop":1705767968405,"duration":0}}]},"tags":[]},"source":"ccae094ea2be6a79.json","parameterValues":["chrome","116"]}