<?xml version="1.0" encoding="UTF-8"?>
<!-- Generated by org.testng.reporters.JUnitReportReporter -->
<testsuite hostname="Preetams-MacBook-Air.local" failures="0" tests="8" name="com.tests.ValidationEpic1" time="120.649" errors="1" timestamp="2023-08-29T10:48:42 IST" skipped="7">
  <testcase classname="com.tests.ValidationEpic1" name="searchFlights" time="120.649">
    <error message="Expected condition failed: waiting for presence of element located by: By.xpath: //a/div[contains(text(),&#039;Flights&#039;)] (tried for 30 second(s) with 500 milliseconds interval)" type="org.openqa.selenium.TimeoutException">
      <![CDATA[org.openqa.selenium.TimeoutException: Expected condition failed: waiting for presence of element located by: By.xpath: //a/div[contains(text(),'Flights')] (tried for 30 second(s) with 500 milliseconds interval)
at org.openqa.selenium.support.ui.WebDriverWait.timeoutException(WebDriverWait.java:84)
at org.openqa.selenium.support.ui.FluentWait.until(FluentWait.java:230)
at com.pages.BasePage.explicitWait(BasePage.java:63)
at com.pages.BasePage.click(BasePage.java:31)
at com.pages.HomePage.selectFromTo(HomePage.java:121)
at com.tests.ValidationEpic1.searchFlights(ValidationEpic1.java:80)
at java.base/jdk.internal.reflect.NativeMethodAccessorImpl.invoke0(Native Method)
at java.base/jdk.internal.reflect.NativeMethodAccessorImpl.invoke(NativeMethodAccessorImpl.java:64)
at java.base/jdk.internal.reflect.DelegatingMethodAccessorImpl.invoke(DelegatingMethodAccessorImpl.java:43)
at java.base/java.lang.reflect.Method.invoke(Method.java:564)
at org.testng.internal.MethodInvocationHelper.invokeMethod(MethodInvocationHelper.java:133)
at org.testng.internal.TestInvoker.invokeMethod(TestInvoker.java:598)
at org.testng.internal.TestInvoker.invokeTestMethod(TestInvoker.java:173)
at org.testng.internal.MethodRunner.runInSequence(MethodRunner.java:46)
at org.testng.internal.TestInvoker$MethodInvocationAgent.invoke(TestInvoker.java:824)
at org.testng.internal.TestInvoker.invokeTestMethods(TestInvoker.java:146)
at org.testng.internal.TestMethodWorker.invokeTestMethods(TestMethodWorker.java:146)
at org.testng.internal.TestMethodWorker.run(TestMethodWorker.java:128)
at java.base/java.util.concurrent.ThreadPoolExecutor.runWorker(ThreadPoolExecutor.java:1130)
at java.base/java.util.concurrent.ThreadPoolExecutor$Worker.run(ThreadPoolExecutor.java:630)
at java.base/java.lang.Thread.run(Thread.java:832)
Caused by: org.openqa.selenium.NoSuchElementException: Unable to locate element: //a/div[contains(text(),'Flights')]
For documentation on this error, please visit: https://www.selenium.dev/documentation/webdriver/troubleshooting/errors#no-such-element-exception
Build info: version: '4.10.0', revision: 'c14d967899'
System info: os.name: 'Mac OS X', os.arch: 'x86_64', os.version: '10.16', java.version: '15.0.2'
Driver info: org.openqa.selenium.remote.RemoteWebDriver
Command: [75e2e97b-52ba-41d5-9790-b7fb718d4019, findElement {using=xpath, value=//a/div[contains(text(),'Flights')]}]
Capabilities {acceptInsecureCerts: false, browserName: firefox, browserVersion: 116.0, moz:accessibilityChecks: false, moz:buildID: 20230727152340, moz:geckodriverVersion: 0.33.0, moz:headless: false, moz:platformVersion: 5.15.49-linuxkit-pr, moz:processID: 1965, moz:profile: /tmp/rust_mozprofileBp2K79, moz:shutdownTimeout: 60000, moz:webdriverClick: true, moz:windowless: false, pageLoadStrategy: normal, platformName: linux, proxy: Proxy(), se:bidiEnabled: false, se:cdp: ws://172.26.0.3:4444/sessio..., se:noVncPort: 7900, se:vnc: ws://172.26.0.3:4444/sessio..., se:vncEnabled: true, se:vncLocalAddress: ws://172.26.0.3:7900, setWindowRect: true, strictFileInteractability: false, timeouts: {implicit: 0, pageLoad: 300000, script: 30000}, unhandledPromptBehavior: dismiss and notify}
Session ID: 75e2e97b-52ba-41d5-9790-b7fb718d4019
at jdk.internal.reflect.GeneratedConstructorAccessor57.newInstance(Unknown Source)
at java.base/jdk.internal.reflect.DelegatingConstructorAccessorImpl.newInstance(DelegatingConstructorAccessorImpl.java:45)
at java.base/java.lang.reflect.Constructor.newInstanceWithCaller(Constructor.java:500)
at java.base/java.lang.reflect.Constructor.newInstance(Constructor.java:481)
at org.openqa.selenium.remote.codec.w3c.W3CHttpResponseCodec.createException(W3CHttpResponseCodec.java:199)
at org.openqa.selenium.remote.codec.w3c.W3CHttpResponseCodec.decode(W3CHttpResponseCodec.java:132)
at org.openqa.selenium.remote.codec.w3c.W3CHttpResponseCodec.decode(W3CHttpResponseCodec.java:51)
at org.openqa.selenium.remote.HttpCommandExecutor.execute(HttpCommandExecutor.java:191)
at org.openqa.selenium.remote.TracedCommandExecutor.execute(TracedCommandExecutor.java:51)
at org.openqa.selenium.remote.RemoteWebDriver.execute(RemoteWebDriver.java:531)
at org.openqa.selenium.remote.ElementLocation$ElementFinder$2.findElement(ElementLocation.java:165)
at org.openqa.selenium.remote.ElementLocation.findElement(ElementLocation.java:59)
at org.openqa.selenium.remote.RemoteWebDriver.findElement(RemoteWebDriver.java:350)
at org.openqa.selenium.remote.RemoteWebDriver.findElement(RemoteWebDriver.java:344)
at org.openqa.selenium.support.ui.ExpectedConditions$6.apply(ExpectedConditions.java:171)
at org.openqa.selenium.support.ui.ExpectedConditions$6.apply(ExpectedConditions.java:168)
at org.openqa.selenium.support.ui.FluentWait.until(FluentWait.java:205)
... 19 more
]]>
    </error>
  </testcase> <!-- searchFlights -->
  <system-out/>
  <testcase classname="com.tests.ValidationEpic1" name="searchFlights4">
    <skipped/>
  </testcase> <!-- searchFlights4 -->
  <system-out/>
  <testcase classname="com.tests.ValidationEpic1" name="searchFlights2">
    <skipped/>
  </testcase> <!-- searchFlights2 -->
  <system-out/>
  <testcase classname="com.tests.ValidationEpic1" name="validateOfferesIsSelectedNegative">
    <skipped/>
  </testcase> <!-- validateOfferesIsSelectedNegative -->
  <system-out/>
  <testcase classname="com.tests.ValidationEpic1" name="validateBrokenIsSelected">
    <skipped/>
  </testcase> <!-- validateBrokenIsSelected -->
  <system-out/>
  <testcase classname="com.tests.ValidationEpic1" name="validateHotelIsSelected2">
    <skipped/>
  </testcase> <!-- validateHotelIsSelected2 -->
  <system-out/>
  <testcase classname="com.tests.ValidationEpic1" name="validateOfferesIsSelected">
    <skipped/>
  </testcase> <!-- validateOfferesIsSelected -->
  <system-out/>
  <testcase classname="com.tests.ValidationEpic1" name="searchFlights3">
    <skipped/>
  </testcase> <!-- searchFlights3 -->
  <system-out/>
</testsuite> <!-- com.tests.ValidationEpic1 -->
